<?xml version="1.0" encoding="UTF-8"?>
<!-- Generated by org.testng.reporters.JUnitReportReporter -->
<testsuite hostname="DESKTOP-2OIL50L" failures="0" tests="3" name="Assignment8.Q6_TestNgWebdriver" time="6.621" errors="0" timestamp="2023-12-07T12:09:17 IST" skipped="0">
  <testcase classname="Assignment8.Q6_TestNgWebdriver" name="EdgeTest" time="3.210"/>
  <testcase classname="Assignment8.Q6_TestNgWebdriver" name="FirefoxTest" time="2.632"/>
  <testcase classname="Assignment8.Q6_TestNgWebdriver" name="ChromeTest" time="0.779"/>
</testsuite> <!-- Assignment8.Q6_TestNgWebdriver -->
