<?xml version="1.0" encoding="UTF-8"?>
<!-- Generated by org.testng.reporters.JUnitReportReporter -->
<testsuite hostname="DESKTOP-2OIL50L" failures="0" tests="1" name="Assignment8.Q2KeywordDriven" time="7.538" errors="0" timestamp="2023-12-08T09:17:13 IST" skipped="0">
  <testcase classname="Assignment8.Q2KeywordDriven" name="logintest" time="7.538"/>
</testsuite> <!-- Assignment8.Q2KeywordDriven -->
