<?xml version="1.0" encoding="UTF-8"?>
<!-- Generated by org.testng.reporters.JUnitReportReporter -->
<testsuite hostname="DESKTOP-2OIL50L" failures="0" tests="3" name="Assignment8.Q5_JunitWebDriver" time="6.951" errors="0" timestamp="2023-12-07T12:05:26 IST" skipped="0">
  <testcase classname="Assignment8.Q5_JunitWebDriver" name="EdgeTest" time="2.513"/>
  <testcase classname="Assignment8.Q5_JunitWebDriver" name="FirefoxTest" time="2.705"/>
  <testcase classname="Assignment8.Q5_JunitWebDriver" name="ChromeTest" time="1.733"/>
</testsuite> <!-- Assignment8.Q5_JunitWebDriver -->
